<?xml version="1.0" encoding="UTF-8"?>
<!-- Generated by org.testng.reporters.JUnitReportReporter -->
<testsuite hostname="Supakans-MBP" failures="0" tests="11" name="test.LastNameValidationTest" time="126.166" errors="0" timestamp="2022-12-06T15:49:17 EST" skipped="2">
  <testcase classname="test.LastNameValidationTest" name="validLastName" time="14.415"/>
  <system-out/>
  <testcase classname="test.LastNameValidationTest" name="validLastName" time="15.900"/>
  <system-out/>
  <testcase classname="test.LastNameValidationTest" name="validLastName" time="16.350"/>
  <system-out/>
  <testcase classname="test.LastNameValidationTest" name="validLastName" time="12.242"/>
  <system-out/>
  <testcase classname="test.LastNameValidationTest" name="validLastName" time="11.301"/>
  <system-out/>
  <testcase classname="test.LastNameValidationTest" name="validLastName" time="10.854"/>
  <system-out/>
  <testcase classname="test.LastNameValidationTest" name="validLastName" time="10.920"/>
  <system-out/>
  <testcase classname="test.LastNameValidationTest" name="validLastName" time="19.128"/>
  <system-out/>
  <testcase classname="test.LastNameValidationTest" name="validLastName" time="15.056"/>
  <system-out/>
  <testcase classname="test.LastNameValidationTest" name="nonAplhabetLastName">
    <skipped/>
  </testcase> <!-- nonAplhabetLastName -->
  <system-out/>
  <testcase classname="test.LastNameValidationTest" name="invalidLastName">
    <skipped/>
  </testcase> <!-- invalidLastName -->
  <system-out/>
</testsuite> <!-- test.LastNameValidationTest -->
