<?xml version="1.0" encoding="UTF-8"?>
<!-- Generated by org.testng.reporters.JUnitReportReporter -->
<testsuite hostname="Supakans-MBP" failures="0" tests="6" name="test.FirstNameValidation" time="51.989" errors="0" timestamp="2022-12-06T01:13:19 EST" skipped="2">
  <testcase classname="test.FirstNameValidation" name="nonAlphabetFirstName" time="12.728"/>
  <system-out/>
  <testcase classname="test.FirstNameValidation" name="nonAlphabetFirstName" time="14.587"/>
  <system-out/>
  <testcase classname="test.FirstNameValidation" name="nonAlphabetFirstName" time="12.345"/>
  <system-out/>
  <testcase classname="test.FirstNameValidation" name="nonAlphabetFirstName" time="12.329"/>
  <system-out/>
  <testcase classname="test.FirstNameValidation" name="invalidFirstName">
    <skipped/>
  </testcase> <!-- invalidFirstName -->
  <system-out/>
  <testcase classname="test.FirstNameValidation" name="validFirstName">
    <skipped/>
  </testcase> <!-- validFirstName -->
  <system-out/>
</testsuite> <!-- test.FirstNameValidation -->
