<?xml version="1.0" encoding="UTF-8"?>
<!-- Generated by org.testng.reporters.JUnitReportReporter -->
<testsuite hostname="Supakans-MBP" failures="0" tests="5" name="test.EmailValidation" time="41.254" errors="0" timestamp="2022-12-06T01:09:04 EST" skipped="2">
  <testcase classname="test.EmailValidation" name="invalidEmailDomain" time="14.214"/>
  <system-out/>
  <testcase classname="test.EmailValidation" name="invalidEmailDomain" time="13.390"/>
  <system-out/>
  <testcase classname="test.EmailValidation" name="invalidEmailDomain" time="13.650"/>
  <system-out/>
  <testcase classname="test.EmailValidation" name="invalidEmail">
    <skipped/>
  </testcase> <!-- invalidEmail -->
  <system-out/>
  <testcase classname="test.EmailValidation" name="validEmail">
    <skipped/>
  </testcase> <!-- validEmail -->
  <system-out/>
</testsuite> <!-- test.EmailValidation -->
