<?xml version="1.0" encoding="UTF-8"?>
<!-- Generated by org.testng.reporters.JUnitReportReporter -->
<testsuite hostname="Supakans-MBP" failures="0" tests="2" name="test.NewTest" time="17.604" errors="0" timestamp="2022-12-06T02:15:52 EST" skipped="0">
  <testcase classname="test.NewTest" name="f" time="4.305"/>
  <system-out/>
  <testcase classname="test.NewTest" name="test" time="13.299"/>
  <system-out/>
</testsuite> <!-- test.NewTest -->
