<?xml version="1.0" encoding="UTF-8"?>
<!-- Generated by org.testng.reporters.JUnitReportReporter -->
<testsuite hostname="Supakans-MBP" failures="0" tests="8" name="test.EmailValidationTest" time="87.786" errors="0" timestamp="2022-12-06T15:56:01 EST" skipped="2">
  <testcase classname="test.EmailValidationTest" name="validEmail" time="12.915"/>
  <system-out/>
  <testcase classname="test.EmailValidationTest" name="validEmail" time="13.066"/>
  <system-out/>
  <testcase classname="test.EmailValidationTest" name="validEmail" time="11.765"/>
  <system-out/>
  <testcase classname="test.EmailValidationTest" name="validEmail" time="13.242"/>
  <system-out/>
  <testcase classname="test.EmailValidationTest" name="validEmail" time="25.094"/>
  <system-out/>
  <testcase classname="test.EmailValidationTest" name="validEmail" time="11.704"/>
  <system-out/>
  <testcase classname="test.EmailValidationTest" name="invalidEmailDomain">
    <skipped/>
  </testcase> <!-- invalidEmailDomain -->
  <system-out/>
  <testcase classname="test.EmailValidationTest" name="invalidEmail">
    <skipped/>
  </testcase> <!-- invalidEmail -->
  <system-out/>
</testsuite> <!-- test.EmailValidationTest -->
