<?xml version="1.0" encoding="UTF-8"?>
<!-- Generated by org.testng.reporters.JUnitReportReporter -->
<testsuite hostname="Supakans-MBP" failures="0" tests="15" name="test.PasswordValidationTest" time="157.059" errors="0" timestamp="2022-12-06T16:44:09 EST" skipped="2">
  <testcase classname="test.PasswordValidationTest" name="invalidPasswordValidation" time="12.094"/>
  <system-out/>
  <testcase classname="test.PasswordValidationTest" name="invalidPasswordValidation" time="12.266"/>
  <system-out/>
  <testcase classname="test.PasswordValidationTest" name="invalidPasswordValidation" time="16.097"/>
  <system-out/>
  <testcase classname="test.PasswordValidationTest" name="invalidPasswordValidation" time="11.162"/>
  <system-out/>
  <testcase classname="test.PasswordValidationTest" name="invalidPasswordValidation" time="10.875"/>
  <system-out/>
  <testcase classname="test.PasswordValidationTest" name="invalidPasswordValidation" time="10.867"/>
  <system-out/>
  <testcase classname="test.PasswordValidationTest" name="invalidPasswordValidation" time="10.912"/>
  <system-out/>
  <testcase classname="test.PasswordValidationTest" name="invalidPasswordValidation" time="12.526"/>
  <system-out/>
  <testcase classname="test.PasswordValidationTest" name="invalidPasswordValidation" time="12.649"/>
  <system-out/>
  <testcase classname="test.PasswordValidationTest" name="invalidPasswordValidation" time="10.710"/>
  <system-out/>
  <testcase classname="test.PasswordValidationTest" name="invalidPasswordValidation" time="11.948"/>
  <system-out/>
  <testcase classname="test.PasswordValidationTest" name="invalidPasswordValidation" time="12.940"/>
  <system-out/>
  <testcase classname="test.PasswordValidationTest" name="invalidPasswordValidation" time="12.013"/>
  <system-out/>
  <testcase classname="test.PasswordValidationTest" name="passwordEncryted">
    <skipped/>
  </testcase> <!-- passwordEncryted -->
  <system-out/>
  <testcase classname="test.PasswordValidationTest" name="validPasswordValidation">
    <skipped/>
  </testcase> <!-- validPasswordValidation -->
  <system-out/>
</testsuite> <!-- test.PasswordValidationTest -->
