<?xml version="1.0" encoding="UTF-8"?>
<!-- Generated by org.testng.reporters.JUnitReportReporter -->
<testsuite hostname="Supakans-MBP" failures="0" tests="11" name="test.FirstNameValidationTest" time="122.397" errors="0" timestamp="2022-12-06T15:33:38 EST" skipped="2">
  <testcase classname="test.FirstNameValidationTest" name="validFirstName" time="14.241"/>
  <system-out/>
  <testcase classname="test.FirstNameValidationTest" name="validFirstName" time="13.349"/>
  <system-out/>
  <testcase classname="test.FirstNameValidationTest" name="validFirstName" time="10.772"/>
  <system-out/>
  <testcase classname="test.FirstNameValidationTest" name="validFirstName" time="20.411"/>
  <system-out/>
  <testcase classname="test.FirstNameValidationTest" name="validFirstName" time="14.074"/>
  <system-out/>
  <testcase classname="test.FirstNameValidationTest" name="validFirstName" time="14.314"/>
  <system-out/>
  <testcase classname="test.FirstNameValidationTest" name="validFirstName" time="11.715"/>
  <system-out/>
  <testcase classname="test.FirstNameValidationTest" name="validFirstName" time="10.854"/>
  <system-out/>
  <testcase classname="test.FirstNameValidationTest" name="validFirstName" time="12.667"/>
  <system-out/>
  <testcase classname="test.FirstNameValidationTest" name="nonAlphabetFirstName">
    <skipped/>
  </testcase> <!-- nonAlphabetFirstName -->
  <system-out/>
  <testcase classname="test.FirstNameValidationTest" name="invalidFirstName">
    <skipped/>
  </testcase> <!-- invalidFirstName -->
  <system-out/>
</testsuite> <!-- test.FirstNameValidationTest -->
